#
# A fatal error has been detected by the Java Runtime Environment:
#
#  SIGSEGV (0xb) at pc=0x000000011b3a3acb, pid=83785, tid=0x0000000000006203
#
# JRE version: Java(TM) SE Runtime Environment (8.0_162-b12) (build 1.8.0_162-b12)
# Java VM: Java HotSpot(TM) 64-Bit Server VM (25.162-b12 mixed mode bsd-amd64 compressed oops)
# Problematic frame:
# j  gitdia1.Site.<init>(Ljava/util/Map;)V+56
#
# Failed to write core dump. Core dumps have been disabled. To enable core dumping, try "ulimit -c unlimited" before starting Java again
#
# If you would like to submit a bug report, please visit:
#   http://bugreport.java.com/bugreport/crash.jsp
#

---------------  T H R E A D  ---------------

Current thread (0x00007fb01ad5d800):  JavaThread "http-nio-8080-exec-10" daemon [_thread_in_Java, id=25091, stack(0x00007000070b0000,0x00007000071b0000)]

siginfo: si_signo: 11 (SIGSEGV), si_code: 1 (SEGV_MAPERR), si_addr: 0x0000000100001fa0

Registers:
RAX=0x000000010fcf85f0, RBX=0x0000000116fec970, RCX=0x0000000100001fa0, RDX=0x000000011b3872bd
RSP=0x00007000071aaff0, RBP=0x00007000071ab040, RSI=0x0000000000000007, RDI=0x00007fb01ad5d800
R8 =0x0000000000000000, R9 =0x0000000000000000, R10=0x000000010fcf9090, R11=0x000000011b52ac40
R12=0x0000000000000000, R13=0x0000000116fec748, R14=0x00007000071ab060, R15=0x00007fb01ad5d800
RIP=0x000000011b3a3acb, EFLAGS=0x0000000000010a06, ERR=0x0000000000000004
  TRAPNO=0x000000000000000e

Top of Stack: (sp=0x00007000071aaff0)
0x00007000071aaff0:   000000011b3872bd 0000000100001fa0
0x00007000071ab000:   00007000071ab000 0000000116fec748
0x00007000071ab010:   00007000071ab060 0000000117aa9028
0x00007000071ab020:   0000000000000000 0000000116fec7a0
0x00007000071ab030:   0000000000000000 00007000071ab058
0x00007000071ab040:   00007000071ab0c0 000000011b37f7a7
0x00007000071ab050:   00000007b9fe4560 00000007baad5770
0x00007000071ab060:   0000000100001fa0 000000000000000b
0x00007000071ab070:   00007fb01ad5d800 0000000000000001
0x00007000071ab080:   000000011b37f71f 0000000116fec7a0
0x00007000071ab090:   00007000071ab158 00007000071ab4b0
0x00007000071ab0a0:   000000010000000b 0000000116fec7a0
0x00007000071ab0b0:   000000011b392600 00007000071ab4c0
0x00007000071ab0c0:   00007000071ab270 000000010f6ef6ce
0x00007000071ab0d0:   00007fb000000001 00007fb01ad5d800
0x00007000071ab0e0:   0000000000000000 00007000071ab4b0
0x00007000071ab0f0:   00007fb01bf43230 000000011b392600
0x00007000071ab100:   00007000071ab418 00007000071ab4b8
0x00007000071ab110:   00007000071ab4a8 00007fb01ad5d800
0x00007000071ab120:   00007fb01ad5d800 00007fb01bde9a80
0x00007000071ab130:   00007fb01bf431f0 00007fb01bf43248
0x00007000071ab140:   00007fb01bf432d8 00000000000000d8
0x00007000071ab150:   00007000071ac0b0 00007fb01ad5d800
0x00007000071ab160:   00007fb01b997ab0 0000000116fec7a0
0x00007000071ab170:   00000007baad5770 00007000071ab730
0x00007000071ab180:   000000011b911337 0000000000000000
0x00007000071ab190:   00007000071ab4a8 00000001196369b8
0x00007000071ab1a0:   000000011b392600 0000000116fec7a0
0x00007000071ab1b0:   00007fb01ad5d800 00000001196369b8
0x00007000071ab1c0:   0000000791078208 00000007baad56f8
0x00007000071ab1d0:   0000000000000000 0000000116fec7a0
0x00007000071ab1e0:   00007fb01ad5d800 000000010f8d5c8c 

Instructions: (pc=0x000000011b3a3acb)
0x000000011b3a3aab:   28 8b ca 81 e1 ff 00 00 00 48 8b 4c cc f8 c1 ea
0x000000011b3a3abb:   1c 49 ba 90 90 cf 0f 01 00 00 00 49 8b 14 d2 52
0x000000011b3a3acb:   48 3b 01 48 8b 45 e0 48 85 c0 0f 84 12 00 00 00
0x000000011b3a3adb:   48 83 40 08 01 48 83 58 08 00 48 83 c0 10 48 89 

Register to memory mapping:

RAX=0x000000010fcf85f0: _ZN20SafepointSynchronize6_stateE+0 in /Library/Java/JavaVirtualMachines/jdk1.8.0_162.jdk/Contents/Home/jre/lib/server/libjvm.dylib at 0x000000010f400000
RBX={method} {0x0000000116fec970} '<init>' '()V' in 'gitdia1/Site'
RCX=0x0000000100001fa0 is an unknown value
RDX=0x000000011b3872bd is at code_begin+2301 in an Interpreter codelet
invoke return entry points  [0x000000011b3869c0, 0x000000011b3873a0]  2528 bytes
RSP=0x00007000071aaff0 is pointing into the stack for thread: 0x00007fb01ad5d800
RBP=0x00007000071ab040 is pointing into the stack for thread: 0x00007fb01ad5d800
RSI=0x0000000000000007 is an unknown value
RDI=0x00007fb01ad5d800 is a thread
R8 =0x0000000000000000 is an unknown value
R9 =0x0000000000000000 is an unknown value
R10=0x000000010fcf9090: _ZN19TemplateInterpreter20_invoke_return_entryE+0 in /Library/Java/JavaVirtualMachines/jdk1.8.0_162.jdk/Contents/Home/jre/lib/server/libjvm.dylib at 0x000000010f400000
R11=0x000000011b52ac40 is at entry_point+32 in (nmethod*)0x000000011b52aad0
R12=0x0000000000000000 is an unknown value
R13=0x0000000116fec748 is pointing into metadata
R14=0x00007000071ab060 is pointing into the stack for thread: 0x00007fb01ad5d800
R15=0x00007fb01ad5d800 is a thread


Stack: [0x00007000070b0000,0x00007000071b0000],  sp=0x00007000071aaff0,  free space=1003k
Native frames: (J=compiled Java code, j=interpreted, Vv=VM code, C=native code)
j  gitdia1.Site.<init>(Ljava/util/Map;)V+56
v  ~StubRoutines::call_stub
V  [libjvm.dylib+0x2ef6ce]
V  [libjvm.dylib+0x4d5b00]
V  [libjvm.dylib+0x4d6034]
V  [libjvm.dylib+0x347b5c]
J 2009  sun.reflect.NativeMethodAccessorImpl.invoke0(Ljava/lang/reflect/Method;Ljava/lang/Object;[Ljava/lang/Object;)Ljava/lang/Object; (0 bytes) @ 0x000000011b9113ad [0x000000011b9112c0+0xed]
J 2008 C1 sun.reflect.NativeMethodAccessorImpl.invoke(Ljava/lang/Object;[Ljava/lang/Object;)Ljava/lang/Object; (104 bytes) @ 0x000000011b911a8c [0x000000011b9116e0+0x3ac]
J 791 C1 sun.reflect.DelegatingMethodAccessorImpl.invoke(Ljava/lang/Object;[Ljava/lang/Object;)Ljava/lang/Object; (10 bytes) @ 0x000000011b71a104 [0x000000011b71a0c0+0x44]
J 790 C1 java.lang.reflect.Method.invoke(Ljava/lang/Object;[Ljava/lang/Object;)Ljava/lang/Object; (62 bytes) @ 0x000000011b719ce4 [0x000000011b719be0+0x104]
J 1820 C1 org.springsource.loaded.ri.ReflectiveInterceptor.jlrMethodInvoke(Ljava/lang/reflect/Method;Ljava/lang/Object;[Ljava/lang/Object;)Ljava/lang/Object; (2214 bytes) @ 0x000000011b8b6354 [0x000000011b8b4ce0+0x1674]
J 3529 C1 org.codehaus.groovy.reflection.CachedMethod.invoke(Ljava/lang/Object;[Ljava/lang/Object;)Ljava/lang/Object; (70 bytes) @ 0x000000011bc5dd7c [0x000000011bc5dd40+0x3c]
J 1838 C1 groovy.lang.MetaMethod.doMethodInvoke(Ljava/lang/Object;[Ljava/lang/Object;)Ljava/lang/Object; (22 bytes) @ 0x000000011b8c7714 [0x000000011b8c76a0+0x74]
J 3506 C1 groovy.lang.MetaClassImpl.getProperty(Ljava/lang/Class;Ljava/lang/Object;Ljava/lang/String;ZZ)Ljava/lang/Object; (457 bytes) @ 0x000000011bc4ba8c [0x000000011bc4aa60+0x102c]
J 7232 C1 groovy.lang.ExpandoMetaClass.getProperty(Ljava/lang/Class;Ljava/lang/Object;Ljava/lang/String;ZZ)Ljava/lang/Object; (71 bytes) @ 0x000000011c379524 [0x000000011c3793a0+0x184]
J 7265 C1 groovy.lang.ExpandoMetaClass.getProperty(Ljava/lang/Object;Ljava/lang/String;)Ljava/lang/Object; (43 bytes) @ 0x000000011c385354 [0x000000011c385240+0x114]
J 9497 C1 org.codehaus.groovy.runtime.callsite.PogoMetaClassGetPropertySite.getProperty(Ljava/lang/Object;)Ljava/lang/Object; (21 bytes) @ 0x000000011b7e428c [0x000000011b7e4240+0x4c]
J 3556 C1 org.codehaus.groovy.runtime.callsite.AbstractCallSite.callGetProperty(Ljava/lang/Object;)Ljava/lang/Object; (12 bytes) @ 0x000000011bc723e4 [0x000000011bc72380+0x64]
j  Users_mkopp_IdeaProjects_GitDia1ITAcademy_grails_app_views_grailsGit_mostarCategoria_gsp$_run_closure4.doCall(Ljava/lang/Object;)Ljava/lang/Object;+27
v  ~StubRoutines::call_stub
V  [libjvm.dylib+0x2ef6ce]
V  [libjvm.dylib+0x4d5b00]
V  [libjvm.dylib+0x4d6034]
V  [libjvm.dylib+0x347b5c]
J 2009  sun.reflect.NativeMethodAccessorImpl.invoke0(Ljava/lang/reflect/Method;Ljava/lang/Object;[Ljava/lang/Object;)Ljava/lang/Object; (0 bytes) @ 0x000000011b9113ad [0x000000011b9112c0+0xed]
J 2008 C1 sun.reflect.NativeMethodAccessorImpl.invoke(Ljava/lang/Object;[Ljava/lang/Object;)Ljava/lang/Object; (104 bytes) @ 0x000000011b911a8c [0x000000011b9116e0+0x3ac]
J 791 C1 sun.reflect.DelegatingMethodAccessorImpl.invoke(Ljava/lang/Object;[Ljava/lang/Object;)Ljava/lang/Object; (10 bytes) @ 0x000000011b71a104 [0x000000011b71a0c0+0x44]
J 790 C1 java.lang.reflect.Method.invoke(Ljava/lang/Object;[Ljava/lang/Object;)Ljava/lang/Object; (62 bytes) @ 0x000000011b719ce4 [0x000000011b719be0+0x104]
J 1820 C1 org.springsource.loaded.ri.ReflectiveInterceptor.jlrMethodInvoke(Ljava/lang/reflect/Method;Ljava/lang/Object;[Ljava/lang/Object;)Ljava/lang/Object; (2214 bytes) @ 0x000000011b8b64ac [0x000000011b8b4ce0+0x17cc]
J 3529 C1 org.codehaus.groovy.reflection.CachedMethod.invoke(Ljava/lang/Object;[Ljava/lang/Object;)Ljava/lang/Object; (70 bytes) @ 0x000000011bc5dd7c [0x000000011bc5dd40+0x3c]
J 1838 C1 groovy.lang.MetaMethod.doMethodInvoke(Ljava/lang/Object;[Ljava/lang/Object;)Ljava/lang/Object; (22 bytes) @ 0x000000011b8c7714 [0x000000011b8c76a0+0x74]
J 3486 C1 org.codehaus.groovy.runtime.metaclass.ClosureMetaClass.invokeMethod(Ljava/lang/Class;Ljava/lang/Object;Ljava/lang/String;[Ljava/lang/Object;ZZ)Ljava/lang/Object; (892 bytes) @ 0x000000011bc38044 [0x000000011bc36e20+0x1224]
J 1822 C1 groovy.lang.MetaClassImpl.invokeMethod(Ljava/lang/Object;Ljava/lang/String;[Ljava/lang/Object;)Ljava/lang/Object; (14 bytes) @ 0x000000011b8c4324 [0x000000011b8c42c0+0x64]
J 4043 C1 groovy.lang.Closure.call([Ljava/lang/Object;)Ljava/lang/Object; (30 bytes) @ 0x000000011bd6787c [0x000000011bd67800+0x7c]
J 5368 C1 groovy.lang.Closure.call(Ljava/lang/Object;)Ljava/lang/Object; (13 bytes) @ 0x000000011bf50b34 [0x000000011bf50a00+0x134]
J 7512 C1 org.grails.gsp.GroovyPage.evaluate(Ljava/lang/String;ILjava/lang/Object;Lgroovy/lang/Closure;)Ljava/lang/Object; (68 bytes) @ 0x000000011c3efafc [0x000000011c3efaa0+0x5c]
j  org.grails.gsp.GroovyPage$evaluate$6.callCurrent(Lgroovy/lang/GroovyObject;[Ljava/lang/Object;)Ljava/lang/Object;+34
J 6075 C1 org.codehaus.groovy.runtime.callsite.AbstractCallSite.callCurrent(Lgroovy/lang/GroovyObject;[Ljava/lang/Object;)Ljava/lang/Object; (7 bytes) @ 0x000000011bba9cbc [0x000000011bba9c40+0x7c]
J 7488 C1 org.codehaus.groovy.runtime.callsite.AbstractCallSite.callCurrent(Lgroovy/lang/GroovyObject;Ljava/lang/Object;Ljava/lang/Object;Ljava/lang/Object;Ljava/lang/Object;)Ljava/lang/Object; (50 bytes) @ 0x000000011c3e922c [0x000000011c3e8f60+0x2cc]
j  Users_mkopp_IdeaProjects_GitDia1ITAcademy_grails_app_views_grailsGit_mostarCategoria_gsp.run()Ljava/lang/Object;+290
j  org.grails.gsp.GroovyPageWritable.doWriteTo(Lorg/grails/taglib/encoder/OutputContext;Ljava/io/Writer;)Ljava/io/Writer;+373
j  org.grails.gsp.GroovyPageWritable.writeTo(Ljava/io/Writer;)Ljava/io/Writer;+13
j  org.grails.web.servlet.view.GroovyPageView.renderTemplate(Ljava/util/Map;Lorg/grails/web/servlet/mvc/GrailsWebRequest;Ljavax/servlet/http/HttpServletRequest;Ljavax/servlet/http/HttpServletResponse;)V+64
j  org.grails.web.servlet.view.AbstractGrailsView.renderWithinGrailsWebRequest(Ljava/util/Map;Ljavax/servlet/http/HttpServletRequest;Ljavax/servlet/http/HttpServletResponse;)V+54
j  org.grails.web.servlet.view.AbstractGrailsView.renderMergedOutputModel(Ljava/util/Map;Ljavax/servlet/http/HttpServletRequest;Ljavax/servlet/http/HttpServletResponse;)V+10
j  org.springframework.web.servlet.view.AbstractView.render(Ljava/util/Map;Ljavax/servlet/http/HttpServletRequest;Ljavax/servlet/http/HttpServletResponse;)V+88
j  org.grails.web.sitemesh.GrailsLayoutView.renderInnerView(Ljava/util/Map;Lorg/grails/web/servlet/mvc/GrailsWebRequest;Ljavax/servlet/http/HttpServletRequest;Ljavax/servlet/http/HttpServletResponse;Lorg/grails/web/sitemesh/GrailsContentBufferingResponse;)V+30
j  org.grails.web.sitemesh.GrailsLayoutView.obtainContent(Ljava/util/Map;Lorg/grails/web/servlet/mvc/GrailsWebRequest;Ljavax/servlet/http/HttpServletRequest;Ljavax/servlet/http/HttpServletResponse;)Lcom/opensymphony/sitemesh/Content;+86
j  org.grails.web.sitemesh.GrailsLayoutView.renderTemplate(Ljava/util/Map;Lorg/grails/web/servlet/mvc/GrailsWebRequest;Ljavax/servlet/http/HttpServletRequest;Ljavax/servlet/http/HttpServletResponse;)V+47
j  org.grails.web.servlet.view.AbstractGrailsView.renderWithinGrailsWebRequest(Ljava/util/Map;Ljavax/servlet/http/HttpServletRequest;Ljavax/servlet/http/HttpServletResponse;)V+54
j  org.grails.web.servlet.view.AbstractGrailsView.renderMergedOutputModel(Ljava/util/Map;Ljavax/servlet/http/HttpServletRequest;Ljavax/servlet/http/HttpServletResponse;)V+10
j  org.springframework.web.servlet.view.AbstractView.render(Ljava/util/Map;Ljavax/servlet/http/HttpServletRequest;Ljavax/servlet/http/HttpServletResponse;)V+88
j  org.springframework.web.servlet.DispatcherServlet.render(Lorg/springframework/web/servlet/ModelAndView;Ljavax/servlet/http/HttpServletRequest;Ljavax/servlet/http/HttpServletResponse;)V+246
j  org.springframework.web.servlet.DispatcherServlet.processDispatchResult(Ljavax/servlet/http/HttpServletRequest;Ljavax/servlet/http/HttpServletResponse;Lorg/springframework/web/servlet/HandlerExecutionChain;Lorg/springframework/web/servlet/ModelAndView;Ljava/lang/Exception;)V+99
j  org.springframework.web.servlet.DispatcherServlet.doDispatch(Ljavax/servlet/http/HttpServletRequest;Ljavax/servlet/http/HttpServletResponse;)V+424
j  org.springframework.web.servlet.DispatcherServlet.doService(Ljavax/servlet/http/HttpServletRequest;Ljavax/servlet/http/HttpServletResponse;)V+307
j  org.springframework.web.servlet.FrameworkServlet.processRequest(Ljavax/servlet/http/HttpServletRequest;Ljavax/servlet/http/HttpServletResponse;)V+71
j  org.springframework.web.servlet.FrameworkServlet.doGet(Ljavax/servlet/http/HttpServletRequest;Ljavax/servlet/http/HttpServletResponse;)V+3
j  javax.servlet.http.HttpServlet.service(Ljavax/servlet/http/HttpServletRequest;Ljavax/servlet/http/HttpServletResponse;)V+35
j  org.springframework.web.servlet.FrameworkServlet.service(Ljavax/servlet/http/HttpServletRequest;Ljavax/servlet/http/HttpServletResponse;)V+33
j  javax.servlet.http.HttpServlet.service(Ljavax/servlet/ServletRequest;Ljavax/servlet/ServletResponse;)V+31
J 7600 C1 org.apache.catalina.core.ApplicationFilterChain.internalDoFilter(Ljavax/servlet/ServletRequest;Ljavax/servlet/ServletResponse;)V (388 bytes) @ 0x000000011c4180a4 [0x000000011c417e80+0x224]
J 7601 C1 org.apache.catalina.core.ApplicationFilterChain.doFilter(Ljavax/servlet/ServletRequest;Ljavax/servlet/ServletResponse;)V (105 bytes) @ 0x000000011c419c34 [0x000000011c419c00+0x34]
j  org.apache.tomcat.websocket.server.WsFilter.doFilter(Ljavax/servlet/ServletRequest;Ljavax/servlet/ServletResponse;Ljavax/servlet/FilterChain;)V+21
J 7600 C1 org.apache.catalina.core.ApplicationFilterChain.internalDoFilter(Ljavax/servlet/ServletRequest;Ljavax/servlet/ServletResponse;)V (388 bytes) @ 0x000000011c418314 [0x000000011c417e80+0x494]
J 7601 C1 org.apache.catalina.core.ApplicationFilterChain.doFilter(Ljavax/servlet/ServletRequest;Ljavax/servlet/ServletResponse;)V (105 bytes) @ 0x000000011c419c34 [0x000000011c419c00+0x34]
j  org.springframework.boot.web.filter.ApplicationContextHeaderFilter.doFilterInternal(Ljavax/servlet/http/HttpServletRequest;Ljavax/servlet/http/HttpServletResponse;Ljavax/servlet/FilterChain;)V+20
J 8608 C1 org.springframework.web.filter.OncePerRequestFilter.doFilter(Ljavax/servlet/ServletRequest;Ljavax/servlet/ServletResponse;Ljavax/servlet/FilterChain;)V (139 bytes) @ 0x000000011c683cec [0x000000011c683a40+0x2ac]
J 7600 C1 org.apache.catalina.core.ApplicationFilterChain.internalDoFilter(Ljavax/servlet/ServletRequest;Ljavax/servlet/ServletResponse;)V (388 bytes) @ 0x000000011c418314 [0x000000011c417e80+0x494]
J 7601 C1 org.apache.catalina.core.ApplicationFilterChain.doFilter(Ljavax/servlet/ServletRequest;Ljavax/servlet/ServletResponse;)V (105 bytes) @ 0x000000011c419c34 [0x000000011c419c00+0x34]
j  org.springframework.boot.actuate.trace.WebRequestTraceFilter.doFilterInternal(Ljavax/servlet/http/HttpServletRequest;Ljavax/servlet/http/HttpServletResponse;Ljavax/servlet/FilterChain;)V+30
J 8608 C1 org.springframework.web.filter.OncePerRequestFilter.doFilter(Ljavax/servlet/ServletRequest;Ljavax/servlet/ServletResponse;Ljavax/servlet/FilterChain;)V (139 bytes) @ 0x000000011c683cec [0x000000011c683a40+0x2ac]
J 7600 C1 org.apache.catalina.core.ApplicationFilterChain.internalDoFilter(Ljavax/servlet/ServletRequest;Ljavax/servlet/ServletResponse;)V (388 bytes) @ 0x000000011c418314 [0x000000011c417e80+0x494]
J 7601 C1 org.apache.catalina.core.ApplicationFilterChain.doFilter(Ljavax/servlet/ServletRequest;Ljavax/servlet/ServletResponse;)V (105 bytes) @ 0x000000011c419c34 [0x000000011c419c00+0x34]
j  org.grails.web.servlet.mvc.GrailsWebRequestFilter.doFilterInternal(Ljavax/servlet/http/HttpServletRequest;Ljavax/servlet/http/HttpServletResponse;Ljavax/servlet/FilterChain;)V+150
J 8608 C1 org.springframework.web.filter.OncePerRequestFilter.doFilter(Ljavax/servlet/ServletRequest;Ljavax/servlet/ServletResponse;Ljavax/servlet/FilterChain;)V (139 bytes) @ 0x000000011c683cec [0x000000011c683a40+0x2ac]
J 7600 C1 org.apache.catalina.core.ApplicationFilterChain.internalDoFilter(Ljavax/servlet/ServletRequest;Ljavax/servlet/ServletResponse;)V (388 bytes) @ 0x000000011c418314 [0x000000011c417e80+0x494]
J 7601 C1 org.apache.catalina.core.ApplicationFilterChain.doFilter(Ljavax/servlet/ServletRequest;Ljavax/servlet/ServletResponse;)V (105 bytes) @ 0x000000011c419c34 [0x000000011c419c00+0x34]
j  org.grails.web.filters.HiddenHttpMethodFilter.doFilterInternal(Ljavax/servlet/http/HttpServletRequest;Ljavax/servlet/http/HttpServletResponse;Ljavax/servlet/FilterChain;)V+50
J 8608 C1 org.springframework.web.filter.OncePerRequestFilter.doFilter(Ljavax/servlet/ServletRequest;Ljavax/servlet/ServletResponse;Ljavax/servlet/FilterChain;)V (139 bytes) @ 0x000000011c683cec [0x000000011c683a40+0x2ac]
J 7600 C1 org.apache.catalina.core.ApplicationFilterChain.internalDoFilter(Ljavax/servlet/ServletRequest;Ljavax/servlet/ServletResponse;)V (388 bytes) @ 0x000000011c418314 [0x000000011c417e80+0x494]
J 7601 C1 org.apache.catalina.core.ApplicationFilterChain.doFilter(Ljavax/servlet/ServletRequest;Ljavax/servlet/ServletResponse;)V (105 bytes) @ 0x000000011c419c34 [0x000000011c419c00+0x34]
j  org.springframework.web.filter.CharacterEncodingFilter.doFilterInternal(Ljavax/servlet/http/HttpServletRequest;Ljavax/servlet/http/HttpServletResponse;Ljavax/servlet/FilterChain;)V+53
J 8608 C1 org.springframework.web.filter.OncePerRequestFilter.doFilter(Ljavax/servlet/ServletRequest;Ljavax/servlet/ServletResponse;Ljavax/servlet/FilterChain;)V (139 bytes) @ 0x000000011c683cec [0x000000011c683a40+0x2ac]
J 7600 C1 org.apache.catalina.core.ApplicationFilterChain.internalDoFilter(Ljavax/servlet/ServletRequest;Ljavax/servlet/ServletResponse;)V (388 bytes) @ 0x000000011c418314 [0x000000011c417e80+0x494]
J 7601 C1 org.apache.catalina.core.ApplicationFilterChain.doFilter(Ljavax/servlet/ServletRequest;Ljavax/servlet/ServletResponse;)V (105 bytes) @ 0x000000011c419c34 [0x000000011c419c00+0x34]
j  org.springframework.web.filter.CorsFilter.doFilterInternal(Ljavax/servlet/http/HttpServletRequest;Ljavax/servlet/http/HttpServletResponse;Ljavax/servlet/FilterChain;)V+55
J 8608 C1 org.springframework.web.filter.OncePerRequestFilter.doFilter(Ljavax/servlet/ServletRequest;Ljavax/servlet/ServletResponse;Ljavax/servlet/FilterChain;)V (139 bytes) @ 0x000000011c683cec [0x000000011c683a40+0x2ac]
J 7600 C1 org.apache.catalina.core.ApplicationFilterChain.internalDoFilter(Ljavax/servlet/ServletRequest;Ljavax/servlet/ServletResponse;)V (388 bytes) @ 0x000000011c418314 [0x000000011c417e80+0x494]
J 7601 C1 org.apache.catalina.core.ApplicationFilterChain.doFilter(Ljavax/servlet/ServletRequest;Ljavax/servlet/ServletResponse;)V (105 bytes) @ 0x000000011c419c34 [0x000000011c419c00+0x34]
j  org.springframework.boot.actuate.autoconfigure.MetricsFilter.doFilterInternal(Ljavax/servlet/http/HttpServletRequest;Ljavax/servlet/http/HttpServletResponse;Ljavax/servlet/FilterChain;)V+31
J 8608 C1 org.springframework.web.filter.OncePerRequestFilter.doFilter(Ljavax/servlet/ServletRequest;Ljavax/servlet/ServletResponse;Ljavax/servlet/FilterChain;)V (139 bytes) @ 0x000000011c683cec [0x000000011c683a40+0x2ac]
J 7600 C1 org.apache.catalina.core.ApplicationFilterChain.internalDoFilter(Ljavax/servlet/ServletRequest;Ljavax/servlet/ServletResponse;)V (388 bytes) @ 0x000000011c418314 [0x000000011c417e80+0x494]
J 7601 C1 org.apache.catalina.core.ApplicationFilterChain.doFilter(Ljavax/servlet/ServletRequest;Ljavax/servlet/ServletResponse;)V (105 bytes) @ 0x000000011c419c34 [0x000000011c419c00+0x34]
j  org.apache.catalina.core.StandardWrapperValve.invoke(Lorg/apache/catalina/connector/Request;Lorg/apache/catalina/connector/Response;)V+688
j  org.apache.catalina.core.StandardContextValve.invoke(Lorg/apache/catalina/connector/Request;Lorg/apache/catalina/connector/Response;)V+166
j  org.apache.catalina.authenticator.AuthenticatorBase.invoke(Lorg/apache/catalina/connector/Request;Lorg/apache/catalina/connector/Response;)V+272
j  org.apache.catalina.core.StandardHostValve.invoke(Lorg/apache/catalina/connector/Request;Lorg/apache/catalina/connector/Response;)V+138
j  org.apache.catalina.valves.ErrorReportValve.invoke(Lorg/apache/catalina/connector/Request;Lorg/apache/catalina/connector/Response;)V+6
j  org.apache.catalina.core.StandardEngineValve.invoke(Lorg/apache/catalina/connector/Request;Lorg/apache/catalina/connector/Response;)V+71
...<more frames>...


---------------  P R O C E S S  ---------------

Java Threads: ( => current thread )
  0x00007fb01a801800 JavaThread "DestroyJavaVM" [_thread_blocked, id=5891, stack(0x0000700005359000,0x0000700005459000)]
  0x00007fb01aedd800 JavaThread "Thread-6" daemon [_thread_blocked, id=26883, stack(0x00007000077c5000,0x00007000078c5000)]
  0x00007fb01aeda800 JavaThread "Thread-8" [_thread_blocked, id=39939, stack(0x00007000076c2000,0x00007000077c2000)]
  0x00007fb01b412800 JavaThread "Thread-7" daemon [_thread_blocked, id=40195, stack(0x00007000075bf000,0x00007000076bf000)]
  0x00007fb01aeda000 JavaThread "http-nio-8080-AsyncTimeout" daemon [_thread_blocked, id=25859, stack(0x00007000074bc000,0x00007000075bc000)]
  0x00007fb01b40f000 JavaThread "http-nio-8080-Acceptor-0" daemon [_thread_in_native, id=40451, stack(0x00007000073b9000,0x00007000074b9000)]
  0x00007fb01aed9000 JavaThread "http-nio-8080-ClientPoller-1" daemon [_thread_in_native, id=40963, stack(0x00007000072b6000,0x00007000073b6000)]
  0x00007fb01a4ca000 JavaThread "http-nio-8080-ClientPoller-0" daemon [_thread_in_native, id=25347, stack(0x00007000071b3000,0x00007000072b3000)]
=>0x00007fb01ad5d800 JavaThread "http-nio-8080-exec-10" daemon [_thread_in_Java, id=25091, stack(0x00007000070b0000,0x00007000071b0000)]
  0x00007fb019166800 JavaThread "http-nio-8080-exec-9" daemon [_thread_blocked, id=24835, stack(0x0000700006fad000,0x00007000070ad000)]
  0x00007fb01ad5d000 JavaThread "http-nio-8080-exec-8" daemon [_thread_blocked, id=42243, stack(0x0000700006eaa000,0x0000700006faa000)]
  0x00007fb01adce800 JavaThread "http-nio-8080-exec-7" daemon [_thread_blocked, id=24323, stack(0x0000700006da7000,0x0000700006ea7000)]
  0x00007fb01a4c9800 JavaThread "http-nio-8080-exec-6" daemon [_thread_blocked, id=23811, stack(0x0000700006ca4000,0x0000700006da4000)]
  0x00007fb019166000 JavaThread "http-nio-8080-exec-5" daemon [_thread_blocked, id=23555, stack(0x0000700006ba1000,0x0000700006ca1000)]
  0x00007fb019165000 JavaThread "http-nio-8080-exec-4" daemon [_thread_blocked, id=42755, stack(0x0000700006a9e000,0x0000700006b9e000)]
  0x00007fb0191c0800 JavaThread "http-nio-8080-exec-3" daemon [_thread_blocked, id=23043, stack(0x000070000699b000,0x0000700006a9b000)]
  0x00007fb01ad5b800 JavaThread "http-nio-8080-exec-2" daemon [_thread_blocked, id=22531, stack(0x0000700006898000,0x0000700006998000)]
  0x00007fb01a4df800 JavaThread "http-nio-8080-exec-1" daemon [_thread_blocked, id=43267, stack(0x0000700006795000,0x0000700006895000)]
  0x00007fb0199ba000 JavaThread "NioBlockingSelector.BlockPoller-1" daemon [_thread_in_native, id=21763, stack(0x0000700006692000,0x0000700006792000)]
  0x00007fb01addd000 JavaThread "container-0" [_thread_blocked, id=15875, stack(0x000070000658f000,0x000070000668f000)]
  0x00007fb01ae3a000 JavaThread "ContainerBackgroundProcessor[StandardEngine[Tomcat]]" daemon [_thread_blocked, id=15367, stack(0x000070000648c000,0x000070000658c000)]
  0x00007fb01b1ca800 JavaThread "Tomcat JDBC Pool Cleaner[414493378:1520269642411]" daemon [_thread_blocked, id=3335, stack(0x0000700005253000,0x0000700005353000)]
  0x00007fb01a485800 JavaThread "FileSystemWatcher: files=#29 cl=sun.misc.Launcher$AppClassLoader@18b4aac2" daemon [_thread_blocked, id=17155, stack(0x0000700006183000,0x0000700006283000)]
  0x00007fb01aaee800 JavaThread "Service Thread" daemon [_thread_blocked, id=17411, stack(0x0000700005f7d000,0x000070000607d000)]
  0x00007fb019830000 JavaThread "C1 CompilerThread2" daemon [_thread_blocked, id=14339, stack(0x0000700005e7a000,0x0000700005f7a000)]
  0x00007fb01aaa0000 JavaThread "C2 CompilerThread1" daemon [_thread_blocked, id=13827, stack(0x0000700005d77000,0x0000700005e77000)]
  0x00007fb01a37f800 JavaThread "C2 CompilerThread0" daemon [_thread_blocked, id=13571, stack(0x0000700005c74000,0x0000700005d74000)]
  0x00007fb01a03e000 JavaThread "Signal Dispatcher" daemon [_thread_blocked, id=13315, stack(0x0000700005b71000,0x0000700005c71000)]
  0x00007fb01a062800 JavaThread "Finalizer" daemon [_thread_blocked, id=11779, stack(0x0000700005a6e000,0x0000700005b6e000)]
  0x00007fb01a810000 JavaThread "Reference Handler" daemon [_thread_blocked, id=20483, stack(0x000070000596b000,0x0000700005a6b000)]

Other Threads:
  0x00007fb01a80b800 VMThread [stack: 0x0000700005868000,0x0000700005968000] [id=20995]
  0x00007fb01a3d2000 WatcherThread [stack: 0x0000700006080000,0x0000700006180000] [id=14851]

VM state:not at safepoint (normal execution)

VM Mutex/Monitor currently owned by a thread: None

Heap:
 PSYoungGen      total 187904K, used 64089K [0x00000007b0000000, 0x00000007c0000000, 0x00000007c0000000)
  eden space 150528K, 18% used [0x00000007b0000000,0x00000007b1a92f50,0x00000007b9300000)
  from space 37376K, 98% used [0x00000007b9300000,0x00000007bb7035b8,0x00000007bb780000)
  to   space 56320K, 0% used [0x00000007bc900000,0x00000007bc900000,0x00000007c0000000)
 ParOldGen       total 524288K, used 81011K [0x0000000790000000, 0x00000007b0000000, 0x00000007b0000000)
  object space 524288K, 15% used [0x0000000790000000,0x0000000794f1cf60,0x00000007b0000000)
 Metaspace       used 69570K, capacity 73940K, committed 74152K, reserved 1112064K
  class space    used 9195K, capacity 10624K, committed 10672K, reserved 1048576K

Card table byte_map: [0x0000000110857000,0x00000001109d8000] byte_map_base: 0x000000010cbd7000

Marking Bits: (ParMarkBitMap*) 0x000000010fcf76c0
 Begin Bits: [0x0000000110ad8000, 0x00000001116d8000)
 End Bits:   [0x00000001116d8000, 0x00000001122d8000)

Polling page: 0x000000010ebfb000

CodeCache: size=245760Kb used=21688Kb max_used=21688Kb free=224071Kb
 bounds [0x000000011b37f000, 0x000000011c8bf000, 0x000000012a37f000]
 total_blobs=10430 nmethods=9641 adapters=700
 compilation: enabled

Compilation events (10 events):
Event: 1061.490 Thread 0x00007fb019830000 9919       1       org.codehaus.groovy.classgen.ExtendedVerifier::visitConstructor (7 bytes)
Event: 1061.490 Thread 0x00007fb019830000 nmethod 9919 0x000000011c8b2dd0 code [0x000000011c8b2f40, 0x000000011c8b3068]
Event: 1061.490 Thread 0x00007fb019830000 9920       1       org.codehaus.groovy.classgen.asm.OptimizingStatementWriter$OptVisitor::visitConstructor (14 bytes)
Event: 1061.491 Thread 0x00007fb019830000 nmethod 9920 0x000000011c8b3110 code [0x000000011c8b3280, 0x000000011c8b33e8]
Event: 1061.491 Thread 0x00007fb019830000 9921       1       org.codehaus.groovy.classgen.AsmClassGenerator::visitConstructor (14 bytes)
Event: 1061.491 Thread 0x00007fb019830000 nmethod 9921 0x000000011c8b34d0 code [0x000000011c8b3640, 0x000000011c8b37b8]
Event: 1061.491 Thread 0x00007fb019830000 9922       1       org.codehaus.groovy.classgen.asm.WriterController::setConstructorNode (11 bytes)
Event: 1061.491 Thread 0x00007fb019830000 nmethod 9922 0x000000011c8b3890 code [0x000000011c8b39e0, 0x000000011c8b3b10]
Event: 1061.504 Thread 0x00007fb019830000 9924       1       org.codehaus.groovy.reflection.stdclasses.IntegerCachedClass::isDirectlyAssignable (24 bytes)
Event: 1061.504 Thread 0x00007fb019830000 nmethod 9924 0x000000011c8b3f10 code [0x000000011c8b4060, 0x000000011c8b41d0]

GC Heap History (10 events):
Event: 923.214 GC heap before
{Heap before GC invocations=32 (full 3):
 PSYoungGen      total 203776K, used 203757K [0x00000007b0000000, 0x00000007c0000000, 0x00000007c0000000)
  eden space 165888K, 100% used [0x00000007b0000000,0x00000007ba200000,0x00000007ba200000)
  from space 37888K, 99% used [0x00000007bdb00000,0x00000007bfffb5d8,0x00000007c0000000)
  to   space 48128K, 0% used [0x00000007ba200000,0x00000007ba200000,0x00000007bd100000)
 ParOldGen       total 524288K, used 80979K [0x0000000790000000, 0x00000007b0000000, 0x00000007b0000000)
  object space 524288K, 15% used [0x0000000790000000,0x0000000794f14f60,0x00000007b0000000)
 Metaspace       used 69053K, capacity 72738K, committed 72872K, reserved 1112064K
  class space    used 9078K, capacity 10340K, committed 10416K, reserved 1048576K
Event: 923.246 GC heap after
Heap after GC invocations=32 (full 3):
 PSYoungGen      total 199168K, used 35191K [0x00000007b0000000, 0x00000007c0000000, 0x00000007c0000000)
  eden space 163840K, 0% used [0x00000007b0000000,0x00000007b0000000,0x00000007ba000000)
  from space 35328K, 99% used [0x00000007ba200000,0x00000007bc45dd38,0x00000007bc480000)
  to   space 50688K, 0% used [0x00000007bce80000,0x00000007bce80000,0x00000007c0000000)
 ParOldGen       total 524288K, used 80987K [0x0000000790000000, 0x00000007b0000000, 0x00000007b0000000)
  object space 524288K, 15% used [0x0000000790000000,0x0000000794f16f60,0x00000007b0000000)
 Metaspace       used 69053K, capacity 72738K, committed 72872K, reserved 1112064K
  class space    used 9078K, capacity 10340K, committed 10416K, reserved 1048576K
}
Event: 979.010 GC heap before
{Heap before GC invocations=33 (full 3):
 PSYoungGen      total 199168K, used 199031K [0x00000007b0000000, 0x00000007c0000000, 0x00000007c0000000)
  eden space 163840K, 100% used [0x00000007b0000000,0x00000007ba000000,0x00000007ba000000)
  from space 35328K, 99% used [0x00000007ba200000,0x00000007bc45dd38,0x00000007bc480000)
  to   space 50688K, 0% used [0x00000007bce80000,0x00000007bce80000,0x00000007c0000000)
 ParOldGen       total 524288K, used 80987K [0x0000000790000000, 0x00000007b0000000, 0x00000007b0000000)
  object space 524288K, 15% used [0x0000000790000000,0x0000000794f16f60,0x00000007b0000000)
 Metaspace       used 69254K, capacity 73168K, committed 73256K, reserved 1112064K
  class space    used 9123K, capacity 10461K, committed 10544K, reserved 1048576K
Event: 979.039 GC heap after
Heap after GC invocations=33 (full 3):
 PSYoungGen      total 207360K, used 36413K [0x00000007b0000000, 0x00000007c0000000, 0x00000007c0000000)
  eden space 156672K, 0% used [0x00000007b0000000,0x00000007b0000000,0x00000007b9900000)
  from space 50688K, 71% used [0x00000007bce80000,0x00000007bf20f5c8,0x00000007c0000000)
  to   space 52736K, 0% used [0x00000007b9900000,0x00000007b9900000,0x00000007bcc80000)
 ParOldGen       total 524288K, used 80987K [0x0000000790000000, 0x00000007b0000000, 0x00000007b0000000)
  object space 524288K, 15% used [0x0000000790000000,0x0000000794f16f60,0x00000007b0000000)
 Metaspace       used 69254K, capacity 73168K, committed 73256K, reserved 1112064K
  class space    used 9123K, capacity 10461K, committed 10544K, reserved 1048576K
}
Event: 1007.264 GC heap before
{Heap before GC invocations=34 (full 3):
 PSYoungGen      total 207360K, used 193085K [0x00000007b0000000, 0x00000007c0000000, 0x00000007c0000000)
  eden space 156672K, 100% used [0x00000007b0000000,0x00000007b9900000,0x00000007b9900000)
  from space 50688K, 71% used [0x00000007bce80000,0x00000007bf20f5c8,0x00000007c0000000)
  to   space 52736K, 0% used [0x00000007b9900000,0x00000007b9900000,0x00000007bcc80000)
 ParOldGen       total 524288K, used 80987K [0x0000000790000000, 0x00000007b0000000, 0x00000007b0000000)
  object space 524288K, 15% used [0x0000000790000000,0x0000000794f16f60,0x00000007b0000000)
 Metaspace       used 69447K, capacity 73612K, committed 73896K, reserved 1112064K
  class space    used 9166K, capacity 10575K, committed 10672K, reserved 1048576K
Event: 1007.292 GC heap after
Heap after GC invocations=34 (full 3):
 PSYoungGen      total 192512K, used 36892K [0x00000007b0000000, 0x00000007c0000000, 0x00000007c0000000)
  eden space 155136K, 0% used [0x00000007b0000000,0x00000007b0000000,0x00000007b9780000)
  from space 37376K, 98% used [0x00000007b9900000,0x00000007bbd070c0,0x00000007bbd80000)
  to   space 54272K, 0% used [0x00000007bcb00000,0x00000007bcb00000,0x00000007c0000000)
 ParOldGen       total 524288K, used 80995K [0x0000000790000000, 0x00000007b0000000, 0x00000007b0000000)
  object space 524288K, 15% used [0x0000000790000000,0x0000000794f18f60,0x00000007b0000000)
 Metaspace       used 69447K, capacity 73612K, committed 73896K, reserved 1112064K
  class space    used 9166K, capacity 10575K, committed 10672K, reserved 1048576K
}
Event: 1031.428 GC heap before
{Heap before GC invocations=35 (full 3):
 PSYoungGen      total 192512K, used 191976K [0x00000007b0000000, 0x00000007c0000000, 0x00000007c0000000)
  eden space 155136K, 99% used [0x00000007b0000000,0x00000007b9772f50,0x00000007b9780000)
  from space 37376K, 98% used [0x00000007b9900000,0x00000007bbd070c0,0x00000007bbd80000)
  to   space 54272K, 0% used [0x00000007bcb00000,0x00000007bcb00000,0x00000007c0000000)
 ParOldGen       total 524288K, used 80995K [0x0000000790000000, 0x00000007b0000000, 0x00000007b0000000)
  object space 524288K, 15% used [0x0000000790000000,0x0000000794f18f60,0x00000007b0000000)
 Metaspace       used 69509K, capacity 73786K, committed 73896K, reserved 1112064K
  class space    used 9182K, capacity 10604K, committed 10672K, reserved 1048576K
Event: 1031.457 GC heap after
Heap after GC invocations=35 (full 3):
 PSYoungGen      total 204800K, used 37100K [0x00000007b0000000, 0x00000007c0000000, 0x00000007c0000000)
  eden space 150528K, 0% used [0x00000007b0000000,0x00000007b0000000,0x00000007b9300000)
  from space 54272K, 68% used [0x00000007bcb00000,0x00000007bef3b0f0,0x00000007c0000000)
  to   space 55808K, 0% used [0x00000007b9300000,0x00000007b9300000,0x00000007bc980000)
 ParOldGen       total 524288K, used 81003K [0x0000000790000000, 0x00000007b0000000, 0x00000007b0000000)
  object space 524288K, 15% used [0x0000000790000000,0x0000000794f1af60,0x00000007b0000000)
 Metaspace       used 69509K, capacity 73786K, committed 73896K, reserved 1112064K
  class space    used 9182K, capacity 10604K, committed 10672K, reserved 1048576K
}
Event: 1061.411 GC heap before
{Heap before GC invocations=36 (full 3):
 PSYoungGen      total 204800K, used 187628K [0x00000007b0000000, 0x00000007c0000000, 0x00000007c0000000)
  eden space 150528K, 100% used [0x00000007b0000000,0x00000007b9300000,0x00000007b9300000)
  from space 54272K, 68% used [0x00000007bcb00000,0x00000007bef3b0f0,0x00000007c0000000)
  to   space 55808K, 0% used [0x00000007b9300000,0x00000007b9300000,0x00000007bc980000)
 ParOldGen       total 524288K, used 81003K [0x0000000790000000, 0x00000007b0000000, 0x00000007b0000000)
  object space 524288K, 15% used [0x0000000790000000,0x0000000794f1af60,0x00000007b0000000)
 Metaspace       used 69543K, capacity 73852K, committed 74152K, reserved 1112064K
  class space    used 9189K, capacity 10616K, committed 10672K, reserved 1048576K
Event: 1061.439 GC heap after
Heap after GC invocations=36 (full 3):
 PSYoungGen      total 187904K, used 36877K [0x00000007b0000000, 0x00000007c0000000, 0x00000007c0000000)
  eden space 150528K, 0% used [0x00000007b0000000,0x00000007b0000000,0x00000007b9300000)
  from space 37376K, 98% used [0x00000007b9300000,0x00000007bb7035b8,0x00000007bb780000)
  to   space 56320K, 0% used [0x00000007bc900000,0x00000007bc900000,0x00000007c0000000)
 ParOldGen       total 524288K, used 81011K [0x0000000790000000, 0x00000007b0000000, 0x00000007b0000000)
  object space 524288K, 15% used [0x0000000790000000,0x0000000794f1cf60,0x00000007b0000000)
 Metaspace       used 69543K, capacity 73852K, committed 74152K, reserved 1112064K
  class space    used 9189K, capacity 10616K, committed 10672K, reserved 1048576K
}

Deoptimization events (0 events):
No events

Classes redefined (0 events):
No events

Internal exceptions (10 events):
Event: 953.478 Thread 0x00007fb0191c0800 Exception <a 'java/lang/ArrayIndexOutOfBoundsException'> (0x00000007b7bdcf78) thrown at [/Users/java_re/workspace/8-2-build-macosx-x86_64/jdk8u162/10278/hotspot/src/share/vm/runtime/sharedRuntime.cpp, line 605]
Event: 953.480 Thread 0x00007fb0191c0800 Exception <a 'java/lang/ClassNotFoundException': org/apache/catalina/servlet4preview/http/HttpServletRequestWrapperCustomizer> (0x00000007b7c21ca8) thrown at [/Users/java_re/workspace/8-2-build-macosx-x86_64/jdk8u162/10278/hotspot/src/share/vm/classfile/s
Event: 953.481 Thread 0x00007fb0191c0800 Exception <a 'java/lang/ClassNotFoundException': org/apache/catalina/core/ApplicationHttpRequestCustomizer> (0x00000007b7c5cb98) thrown at [/Users/java_re/workspace/8-2-build-macosx-x86_64/jdk8u162/10278/hotspot/src/share/vm/classfile/systemDictionary.cpp
Event: 979.078 Thread 0x00007fb01a4c9800 Exception <a 'java/lang/ClassNotFoundException': Users_mkopp_IdeaProjects_GitDia1ITAcademy_grails_app_views_grailsGit_categoryList_gspBeanInfo> (0x00000007b0fba0e0) thrown at [/Users/java_re/workspace/8-2-build-macosx-x86_64/jdk8u162/10278/hotspot/src/sha
Event: 979.079 Thread 0x00007fb01a4c9800 Exception <a 'java/lang/ClassNotFoundException': Users_mkopp_IdeaProjects_GitDia1ITAcademy_grails_app_views_grailsGit_categoryList_gspCustomizer> (0x00000007b102c658) thrown at [/Users/java_re/workspace/8-2-build-macosx-x86_64/jdk8u162/10278/hotspot/src/s
Event: 1005.078 Thread 0x00007fb01ad5d800 Exception <a 'java/lang/ClassNotFoundException': Users_mkopp_IdeaProjects_GitDia1ITAcademy_grails_app_views_grailsGit_categoryList_gspBeanInfo> (0x00000007b6c63268) thrown at [/Users/java_re/workspace/8-2-build-macosx-x86_64/jdk8u162/10278/hotspot/src/sha
Event: 1005.079 Thread 0x00007fb01ad5d800 Exception <a 'java/lang/ClassNotFoundException': Users_mkopp_IdeaProjects_GitDia1ITAcademy_grails_app_views_grailsGit_categoryList_gspCustomizer> (0x00000007b6cd5d80) thrown at [/Users/java_re/workspace/8-2-build-macosx-x86_64/jdk8u162/10278/hotspot/src/s
Event: 1061.386 Thread 0x00007fb01ad5d800 Exception <a 'java/lang/reflect/InvocationTargetException'> (0x00000007b50cfb58) thrown at [/Users/java_re/workspace/8-2-build-macosx-x86_64/jdk8u162/10278/hotspot/src/share/vm/runtime/reflection.cpp, line 1092]
Event: 1061.493 Thread 0x00007fb01ad5d800 Exception <a 'java/lang/ClassNotFoundException': Users_mkopp_IdeaProjects_GitDia1ITAcademy_grails_app_views_grailsGit_mostarCategoria_gspBeanInfo> (0x00000007b17f2ee8) thrown at [/Users/java_re/workspace/8-2-build-macosx-x86_64/jdk8u162/10278/hotspot/src/
Event: 1061.494 Thread 0x00007fb01ad5d800 Exception <a 'java/lang/ClassNotFoundException': Users_mkopp_IdeaProjects_GitDia1ITAcademy_grails_app_views_grailsGit_mostarCategoria_gspCustomizer> (0x00000007b1867e00) thrown at [/Users/java_re/workspace/8-2-build-macosx-x86_64/jdk8u162/10278/hotspot/sr

Events (10 events):
Event: 1061.494 loading class groovy/runtime/metaclass/Users_mkopp_IdeaProjects_GitDia1ITAcademy_grails_app_views_grailsGit_mostarCategoria_gspMetaClass
Event: 1061.494 loading class groovy/runtime/metaclass/Users_mkopp_IdeaProjects_GitDia1ITAcademy_grails_app_views_grailsGit_mostarCategoria_gspMetaClass done
Event: 1061.503 loading class groovy/runtime/metaclass/Users_mkopp_IdeaProjects_GitDia1ITAcademy_grails_app_views_grailsGit_mostarCategoria_gsp$_run_closure1MetaClass
Event: 1061.503 loading class groovy/runtime/metaclass/Users_mkopp_IdeaProjects_GitDia1ITAcademy_grails_app_views_grailsGit_mostarCategoria_gsp$_run_closure1MetaClass done
Event: 1061.504 loading class groovy/runtime/metaclass/Users_mkopp_IdeaProjects_GitDia1ITAcademy_grails_app_views_grailsGit_mostarCategoria_gsp$_run_closure2MetaClass
Event: 1061.504 loading class groovy/runtime/metaclass/Users_mkopp_IdeaProjects_GitDia1ITAcademy_grails_app_views_grailsGit_mostarCategoria_gsp$_run_closure2MetaClass done
Event: 1061.504 loading class groovy/runtime/metaclass/Users_mkopp_IdeaProjects_GitDia1ITAcademy_grails_app_views_grailsGit_mostarCategoria_gsp$_run_closure3MetaClass
Event: 1061.504 loading class groovy/runtime/metaclass/Users_mkopp_IdeaProjects_GitDia1ITAcademy_grails_app_views_grailsGit_mostarCategoria_gsp$_run_closure3MetaClass done
Event: 1061.505 loading class groovy/runtime/metaclass/Users_mkopp_IdeaProjects_GitDia1ITAcademy_grails_app_views_grailsGit_mostarCategoria_gsp$_run_closure4MetaClass
Event: 1061.505 loading class groovy/runtime/metaclass/Users_mkopp_IdeaProjects_GitDia1ITAcademy_grails_app_views_grailsGit_mostarCategoria_gsp$_run_closure4MetaClass done


Dynamic libraries:
0x0000000015bb2000 	/System/Library/Frameworks/Cocoa.framework/Versions/A/Cocoa
0x0000000015bb2000 	/System/Library/Frameworks/Security.framework/Versions/A/Security
0x0000000015bb2000 	/System/Library/Frameworks/ApplicationServices.framework/Versions/A/ApplicationServices
0x0000000015bb2000 	/usr/lib/libz.1.dylib
0x0000000015bb2000 	/usr/lib/libSystem.B.dylib
0x0000000015bb2000 	/usr/lib/libobjc.A.dylib
0x0000000015bb2000 	/System/Library/Frameworks/CoreFoundation.framework/Versions/A/CoreFoundation
0x0000000015bb2000 	/System/Library/Frameworks/Foundation.framework/Versions/C/Foundation
0x0000000015bb2000 	/System/Library/Frameworks/AppKit.framework/Versions/C/AppKit
0x0000000015bb2000 	/System/Library/Frameworks/CoreData.framework/Versions/A/CoreData
0x0000000015bb2000 	/System/Library/PrivateFrameworks/RemoteViewServices.framework/Versions/A/RemoteViewServices
0x0000000015bb2000 	/System/Library/PrivateFrameworks/UIFoundation.framework/Versions/A/UIFoundation
0x0000000015bb2000 	/System/Library/PrivateFrameworks/DFRFoundation.framework/Versions/A/DFRFoundation
0x0000000015bb2000 	/System/Library/Frameworks/Metal.framework/Versions/A/Metal
0x0000000015bb2000 	/System/Library/PrivateFrameworks/DesktopServicesPriv.framework/Versions/A/DesktopServicesPriv
0x0000000015bb2000 	/usr/lib/libenergytrace.dylib
0x0000000015bb2000 	/System/Library/PrivateFrameworks/SkyLight.framework/Versions/A/SkyLight
0x0000000015bb2000 	/System/Library/Frameworks/CoreGraphics.framework/Versions/A/CoreGraphics
0x0000000015bb2000 	/usr/lib/libScreenReader.dylib
0x0000000015bb2000 	/System/Library/Frameworks/Accelerate.framework/Versions/A/Accelerate
0x0000000015bb2000 	/System/Library/Frameworks/IOSurface.framework/Versions/A/IOSurface
0x0000000015bb2000 	/System/Library/Frameworks/AudioToolbox.framework/Versions/A/AudioToolbox
0x0000000015bb2000 	/System/Library/Frameworks/AudioUnit.framework/Versions/A/AudioUnit
0x0000000015bb2000 	/System/Library/PrivateFrameworks/DataDetectorsCore.framework/Versions/A/DataDetectorsCore
0x0000000015bb2000 	/System/Library/Frameworks/Carbon.framework/Versions/A/Frameworks/HIToolbox.framework/Versions/A/HIToolbox
0x0000000015bb2000 	/usr/lib/libicucore.A.dylib
0x0000000015bb2000 	/System/Library/Frameworks/QuartzCore.framework/Versions/A/QuartzCore
0x0000000015bb2000 	/System/Library/Frameworks/Carbon.framework/Versions/A/Frameworks/SpeechRecognition.framework/Versions/A/SpeechRecognition
0x0000000015bb2000 	/usr/lib/libauto.dylib
0x0000000015bb2000 	/usr/lib/libxml2.2.dylib
0x0000000015bb2000 	/System/Library/PrivateFrameworks/CoreUI.framework/Versions/A/CoreUI
0x0000000015bb2000 	/System/Library/Frameworks/CoreAudio.framework/Versions/A/CoreAudio
0x0000000015bb2000 	/System/Library/Frameworks/DiskArbitration.framework/Versions/A/DiskArbitration
0x0000000015bb2000 	/usr/lib/liblangid.dylib
0x0000000015bb2000 	/System/Library/PrivateFrameworks/MultitouchSupport.framework/Versions/A/MultitouchSupport
0x0000000015bb2000 	/System/Library/Frameworks/IOKit.framework/Versions/A/IOKit
0x0000000015bb2000 	/usr/lib/libDiagnosticMessagesClient.dylib
0x0000000015bb2000 	/System/Library/Frameworks/CoreServices.framework/Versions/A/CoreServices
0x0000000015bb2000 	/System/Library/PrivateFrameworks/PerformanceAnalysis.framework/Versions/A/PerformanceAnalysis
0x0000000015bb2000 	/System/Library/Frameworks/OpenGL.framework/Versions/A/OpenGL
0x0000000015bb2000 	/System/Library/Frameworks/ColorSync.framework/Versions/A/ColorSync
0x0000000015bb2000 	/System/Library/Frameworks/CoreImage.framework/Versions/A/CoreImage
0x0000000015bb2000 	/System/Library/Frameworks/CoreText.framework/Versions/A/CoreText
0x0000000015bb2000 	/System/Library/Frameworks/ImageIO.framework/Versions/A/ImageIO
0x0000000015bb2000 	/System/Library/PrivateFrameworks/Backup.framework/Versions/A/Backup
0x0000000015bb2000 	/usr/lib/libarchive.2.dylib
0x0000000015bb2000 	/System/Library/Frameworks/CFNetwork.framework/Versions/A/CFNetwork
0x0000000015bb2000 	/System/Library/Frameworks/SystemConfiguration.framework/Versions/A/SystemConfiguration
0x0000000015bb2000 	/usr/lib/libCRFSuite.dylib
0x0000000015bb2000 	/usr/lib/libc++.1.dylib
0x0000000015bb2000 	/usr/lib/libc++abi.dylib
0x0000000015bb2000 	/usr/lib/system/libcache.dylib
0x0000000015bb2000 	/usr/lib/system/libcommonCrypto.dylib
0x0000000015bb2000 	/usr/lib/system/libcompiler_rt.dylib
0x0000000015bb2000 	/usr/lib/system/libcopyfile.dylib
0x0000000015bb2000 	/usr/lib/system/libcorecrypto.dylib
0x0000000015bb2000 	/usr/lib/system/libdispatch.dylib
0x0000000015bb2000 	/usr/lib/system/libdyld.dylib
0x0000000015bb2000 	/usr/lib/system/libkeymgr.dylib
0x0000000015bb2000 	/usr/lib/system/liblaunch.dylib
0x0000000015bb2000 	/usr/lib/system/libmacho.dylib
0x0000000015bb2000 	/usr/lib/system/libquarantine.dylib
0x0000000015bb2000 	/usr/lib/system/libremovefile.dylib
0x0000000015bb2000 	/usr/lib/system/libsystem_asl.dylib
0x0000000015bb2000 	/usr/lib/system/libsystem_blocks.dylib
0x0000000015bb2000 	/usr/lib/system/libsystem_c.dylib
0x0000000015bb2000 	/usr/lib/system/libsystem_configuration.dylib
0x0000000015bb2000 	/usr/lib/system/libsystem_coreservices.dylib
0x0000000015bb2000 	/usr/lib/system/libsystem_darwin.dylib
0x0000000015bb2000 	/usr/lib/system/libsystem_dnssd.dylib
0x0000000015bb2000 	/usr/lib/system/libsystem_info.dylib
0x0000000015bb2000 	/usr/lib/system/libsystem_m.dylib
0x0000000015bb2000 	/usr/lib/system/libsystem_malloc.dylib
0x0000000015bb2000 	/usr/lib/system/libsystem_network.dylib
0x0000000015bb2000 	/usr/lib/system/libsystem_networkextension.dylib
0x0000000015bb2000 	/usr/lib/system/libsystem_notify.dylib
0x0000000015bb2000 	/usr/lib/system/libsystem_sandbox.dylib
0x0000000015bb2000 	/usr/lib/system/libsystem_secinit.dylib
0x0000000015bb2000 	/usr/lib/system/libsystem_kernel.dylib
0x0000000015bb2000 	/usr/lib/system/libsystem_platform.dylib
0x0000000015bb2000 	/usr/lib/system/libsystem_pthread.dylib
0x0000000015bb2000 	/usr/lib/system/libsystem_symptoms.dylib
0x0000000015bb2000 	/usr/lib/system/libsystem_trace.dylib
0x0000000015bb2000 	/usr/lib/system/libunwind.dylib
0x0000000015bb2000 	/usr/lib/system/libxpc.dylib
0x0000000015bb2000 	/usr/lib/closure/libclosured.dylib
0x0000000015bb2000 	/usr/lib/libbsm.0.dylib
0x0000000015bb2000 	/usr/lib/system/libkxld.dylib
0x0000000015bb2000 	/usr/lib/libOpenScriptingUtil.dylib
0x0000000015bb2000 	/usr/lib/libcoretls.dylib
0x0000000015bb2000 	/usr/lib/libcoretls_cfhelpers.dylib
0x0000000015bb2000 	/usr/lib/libpam.2.dylib
0x0000000015bb2000 	/usr/lib/libsqlite3.dylib
0x0000000015bb2000 	/usr/lib/libxar.1.dylib
0x0000000015bb2000 	/usr/lib/libbz2.1.0.dylib
0x0000000015bb2000 	/usr/lib/liblzma.5.dylib
0x0000000015bb2000 	/usr/lib/libnetwork.dylib
0x0000000015bb2000 	/usr/lib/libapple_nghttp2.dylib
0x0000000015bb2000 	/usr/lib/libpcap.A.dylib
0x0000000015bb2000 	/usr/lib/libboringssl.dylib
0x0000000015bb2000 	/usr/lib/libusrtcp.dylib
0x0000000015bb2000 	/usr/lib/libapple_crypto.dylib
0x0000000015bb2000 	/System/Library/Frameworks/CoreServices.framework/Versions/A/Frameworks/FSEvents.framework/Versions/A/FSEvents
0x0000000015bb2000 	/System/Library/Frameworks/CoreServices.framework/Versions/A/Frameworks/CarbonCore.framework/Versions/A/CarbonCore
0x0000000015bb2000 	/System/Library/Frameworks/CoreServices.framework/Versions/A/Frameworks/Metadata.framework/Versions/A/Metadata
0x0000000015bb2000 	/System/Library/Frameworks/CoreServices.framework/Versions/A/Frameworks/OSServices.framework/Versions/A/OSServices
0x0000000015bb2000 	/System/Library/Frameworks/CoreServices.framework/Versions/A/Frameworks/SearchKit.framework/Versions/A/SearchKit
0x0000000015bb2000 	/System/Library/Frameworks/CoreServices.framework/Versions/A/Frameworks/AE.framework/Versions/A/AE
0x0000000015bb2000 	/System/Library/Frameworks/CoreServices.framework/Versions/A/Frameworks/LaunchServices.framework/Versions/A/LaunchServices
0x0000000015bb2000 	/System/Library/Frameworks/CoreServices.framework/Versions/A/Frameworks/DictionaryServices.framework/Versions/A/DictionaryServices
0x0000000015bb2000 	/System/Library/Frameworks/CoreServices.framework/Versions/A/Frameworks/SharedFileList.framework/Versions/A/SharedFileList
0x0000000015bb2000 	/System/Library/Frameworks/NetFS.framework/Versions/A/NetFS
0x0000000015bb2000 	/System/Library/PrivateFrameworks/NetAuth.framework/Versions/A/NetAuth
0x0000000015bb2000 	/System/Library/PrivateFrameworks/login.framework/Versions/A/Frameworks/loginsupport.framework/Versions/A/loginsupport
0x0000000015bb2000 	/System/Library/PrivateFrameworks/TCC.framework/Versions/A/TCC
0x0000000015bb2000 	/usr/lib/libmecabra.dylib
0x0000000015bb2000 	/System/Library/Frameworks/ApplicationServices.framework/Versions/A/Frameworks/ATS.framework/Versions/A/ATS
0x0000000015bb2000 	/System/Library/Frameworks/ApplicationServices.framework/Versions/A/Frameworks/ColorSyncLegacy.framework/Versions/A/ColorSyncLegacy
0x0000000015bb2000 	/System/Library/Frameworks/ApplicationServices.framework/Versions/A/Frameworks/HIServices.framework/Versions/A/HIServices
0x0000000015bb2000 	/System/Library/Frameworks/ApplicationServices.framework/Versions/A/Frameworks/LangAnalysis.framework/Versions/A/LangAnalysis
0x0000000015bb2000 	/System/Library/Frameworks/ApplicationServices.framework/Versions/A/Frameworks/PrintCore.framework/Versions/A/PrintCore
0x0000000015bb2000 	/System/Library/Frameworks/ApplicationServices.framework/Versions/A/Frameworks/QD.framework/Versions/A/QD
0x0000000015bb2000 	/System/Library/Frameworks/ApplicationServices.framework/Versions/A/Frameworks/SpeechSynthesis.framework/Versions/A/SpeechSynthesis
0x0000000015bb2000 	/System/Library/Frameworks/CoreDisplay.framework/Versions/A/CoreDisplay
0x0000000015bb2000 	/System/Library/Frameworks/Accelerate.framework/Versions/A/Frameworks/vImage.framework/Versions/A/vImage
0x0000000015bb2000 	/System/Library/Frameworks/Accelerate.framework/Versions/A/Frameworks/vecLib.framework/Versions/A/vecLib
0x0000000015bb2000 	/System/Library/Frameworks/Accelerate.framework/Versions/A/Frameworks/vecLib.framework/Versions/A/libvDSP.dylib
0x0000000015bb2000 	/System/Library/Frameworks/Accelerate.framework/Versions/A/Frameworks/vecLib.framework/Versions/A/libBNNS.dylib
0x0000000015bb2000 	/System/Library/Frameworks/Accelerate.framework/Versions/A/Frameworks/vecLib.framework/Versions/A/libQuadrature.dylib
0x0000000015bb2000 	/System/Library/Frameworks/Accelerate.framework/Versions/A/Frameworks/vecLib.framework/Versions/A/libvMisc.dylib
0x0000000015bb2000 	/System/Library/Frameworks/Accelerate.framework/Versions/A/Frameworks/vecLib.framework/Versions/A/libLAPACK.dylib
0x0000000015bb2000 	/System/Library/Frameworks/Accelerate.framework/Versions/A/Frameworks/vecLib.framework/Versions/A/libBLAS.dylib
0x0000000015bb2000 	/System/Library/Frameworks/Accelerate.framework/Versions/A/Frameworks/vecLib.framework/Versions/A/libLinearAlgebra.dylib
0x0000000015bb2000 	/System/Library/Frameworks/Accelerate.framework/Versions/A/Frameworks/vecLib.framework/Versions/A/libSparse.dylib
0x0000000015bb2000 	/System/Library/Frameworks/Accelerate.framework/Versions/A/Frameworks/vecLib.framework/Versions/A/libSparseBLAS.dylib
0x0000000015bb2000 	/System/Library/PrivateFrameworks/IOAccelerator.framework/Versions/A/IOAccelerator
0x0000000015bb2000 	/System/Library/PrivateFrameworks/IOPresentment.framework/Versions/A/IOPresentment
0x0000000015bb2000 	/System/Library/PrivateFrameworks/DSExternalDisplay.framework/Versions/A/DSExternalDisplay
0x0000000015bb2000 	/System/Library/Frameworks/OpenGL.framework/Versions/A/Libraries/libCoreFSCache.dylib
0x0000000015bb2000 	/System/Library/Frameworks/CoreVideo.framework/Versions/A/CoreVideo
0x0000000015bb2000 	/System/Library/PrivateFrameworks/GraphVisualizer.framework/Versions/A/GraphVisualizer
0x0000000015bb2000 	/System/Library/Frameworks/MetalPerformanceShaders.framework/Versions/A/MetalPerformanceShaders
0x0000000015bb2000 	/usr/lib/libFosl_dynamic.dylib
0x0000000015bb2000 	/System/Library/PrivateFrameworks/FaceCore.framework/Versions/A/FaceCore
0x0000000015bb2000 	/System/Library/Frameworks/OpenCL.framework/Versions/A/OpenCL
0x0000000015bb2000 	/usr/lib/libcompression.dylib
0x0000000015bb2000 	/System/Library/Frameworks/ApplicationServices.framework/Versions/A/Frameworks/ATS.framework/Versions/A/Resources/libFontParser.dylib
0x0000000015bb2000 	/System/Library/Frameworks/ApplicationServices.framework/Versions/A/Frameworks/ATS.framework/Versions/A/Resources/libFontRegistry.dylib
0x0000000015bb2000 	/System/Library/Frameworks/ImageIO.framework/Versions/A/Resources/libJPEG.dylib
0x0000000015bb2000 	/System/Library/Frameworks/ImageIO.framework/Versions/A/Resources/libTIFF.dylib
0x0000000015bb2000 	/System/Library/Frameworks/ImageIO.framework/Versions/A/Resources/libPng.dylib
0x0000000015bb2000 	/System/Library/Frameworks/ImageIO.framework/Versions/A/Resources/libGIF.dylib
0x0000000015bb2000 	/System/Library/Frameworks/ImageIO.framework/Versions/A/Resources/libJP2.dylib
0x0000000015bb2000 	/System/Library/Frameworks/ImageIO.framework/Versions/A/Resources/libRadiance.dylib
0x0000000015bb2000 	/System/Library/PrivateFrameworks/AppleJPEG.framework/Versions/A/AppleJPEG
0x0000000015bb2000 	/System/Library/PrivateFrameworks/MetalTools.framework/Versions/A/MetalTools
0x0000000015bb2000 	/System/Library/Frameworks/MetalPerformanceShaders.framework/Frameworks/MPSCore.framework/Versions/A/MPSCore
0x0000000015bb2000 	/System/Library/Frameworks/MetalPerformanceShaders.framework/Frameworks/MPSImage.framework/Versions/A/MPSImage
0x0000000015bb2000 	/System/Library/Frameworks/MetalPerformanceShaders.framework/Frameworks/MPSMatrix.framework/Versions/A/MPSMatrix
0x0000000015bb2000 	/System/Library/Frameworks/MetalPerformanceShaders.framework/Frameworks/MPSNeuralNetwork.framework/Versions/A/MPSNeuralNetwork
0x0000000015bb2000 	/System/Library/Frameworks/OpenGL.framework/Versions/A/Libraries/libGLU.dylib
0x0000000015bb2000 	/System/Library/Frameworks/OpenGL.framework/Versions/A/Libraries/libGFXShared.dylib
0x0000000015bb2000 	/System/Library/Frameworks/OpenGL.framework/Versions/A/Libraries/libGL.dylib
0x0000000015bb2000 	/System/Library/Frameworks/OpenGL.framework/Versions/A/Libraries/libGLImage.dylib
0x0000000015bb2000 	/System/Library/Frameworks/OpenGL.framework/Versions/A/Libraries/libCVMSPluginSupport.dylib
0x0000000015bb2000 	/System/Library/Frameworks/OpenGL.framework/Versions/A/Libraries/libCoreVMClient.dylib
0x0000000015bb2000 	/usr/lib/libcups.2.dylib
0x0000000015bb2000 	/System/Library/Frameworks/Kerberos.framework/Versions/A/Kerberos
0x0000000015bb2000 	/System/Library/Frameworks/GSS.framework/Versions/A/GSS
0x0000000015bb2000 	/usr/lib/libresolv.9.dylib
0x0000000015bb2000 	/usr/lib/libiconv.2.dylib
0x0000000015bb2000 	/System/Library/PrivateFrameworks/Heimdal.framework/Versions/A/Heimdal
0x0000000015bb2000 	/usr/lib/libheimdal-asn1.dylib
0x0000000015bb2000 	/System/Library/Frameworks/OpenDirectory.framework/Versions/A/OpenDirectory
0x0000000015bb2000 	/System/Library/PrivateFrameworks/CommonAuth.framework/Versions/A/CommonAuth
0x0000000015bb2000 	/System/Library/Frameworks/OpenDirectory.framework/Versions/A/Frameworks/CFOpenDirectory.framework/Versions/A/CFOpenDirectory
0x0000000015bb2000 	/System/Library/Frameworks/SecurityFoundation.framework/Versions/A/SecurityFoundation
0x0000000015bb2000 	/System/Library/PrivateFrameworks/APFS.framework/Versions/A/APFS
0x0000000015bb2000 	/usr/lib/libutil.dylib
0x0000000015bb2000 	/System/Library/PrivateFrameworks/AppleSauce.framework/Versions/A/AppleSauce
0x0000000015bb2000 	/System/Library/PrivateFrameworks/LinguisticData.framework/Versions/A/LinguisticData
0x0000000015bb2000 	/usr/lib/libmarisa.dylib
0x0000000015bb2000 	/System/Library/PrivateFrameworks/Lexicon.framework/Versions/A/Lexicon
0x0000000015bb2000 	/usr/lib/libChineseTokenizer.dylib
0x0000000015bb2000 	/usr/lib/libcmph.dylib
0x0000000015bb2000 	/System/Library/PrivateFrameworks/LanguageModeling.framework/Versions/A/LanguageModeling
0x0000000015bb2000 	/System/Library/PrivateFrameworks/CoreEmoji.framework/Versions/A/CoreEmoji
0x0000000015bb2000 	/System/Library/Frameworks/ServiceManagement.framework/Versions/A/ServiceManagement
0x0000000015bb2000 	/System/Library/PrivateFrameworks/BackgroundTaskManagement.framework/Versions/A/BackgroundTaskManagement
0x0000000015bb2000 	/usr/lib/libxslt.1.dylib
0x0000000015bb2000 	/System/Library/Frameworks/Carbon.framework/Versions/A/Frameworks/Ink.framework/Versions/A/Ink
0x0000000015bb2000 	/System/Library/PrivateFrameworks/TextureIO.framework/Versions/A/TextureIO
0x0000000015bb2000 	/usr/lib/libate.dylib
0x0000000015bb2000 	/System/Library/PrivateFrameworks/CrashReporterSupport.framework/Versions/A/CrashReporterSupport
0x0000000015bb2000 	/System/Library/PrivateFrameworks/Sharing.framework/Versions/A/Sharing
0x0000000015bb2000 	/System/Library/PrivateFrameworks/IconServices.framework/Versions/A/IconServices
0x0000000015bb2000 	/System/Library/PrivateFrameworks/ProtocolBuffer.framework/Versions/A/ProtocolBuffer
0x0000000015bb2000 	/System/Library/PrivateFrameworks/Apple80211.framework/Versions/A/Apple80211
0x0000000015bb2000 	/System/Library/Frameworks/CoreWLAN.framework/Versions/A/CoreWLAN
0x0000000015bb2000 	/System/Library/PrivateFrameworks/CoreUtils.framework/Versions/A/CoreUtils
0x0000000015bb2000 	/System/Library/Frameworks/IOBluetooth.framework/Versions/A/IOBluetooth
0x0000000015bb2000 	/System/Library/PrivateFrameworks/CoreWiFi.framework/Versions/A/CoreWiFi
0x0000000015bb2000 	/System/Library/Frameworks/CoreBluetooth.framework/Versions/A/CoreBluetooth
0x0000000015bb2000 	/System/Library/PrivateFrameworks/SignpostNotification.framework/Versions/A/SignpostNotification
0x0000000015bb2000 	/System/Library/PrivateFrameworks/DebugSymbols.framework/Versions/A/DebugSymbols
0x0000000015bb2000 	/System/Library/PrivateFrameworks/CoreSymbolication.framework/Versions/A/CoreSymbolication
0x0000000015bb2000 	/System/Library/PrivateFrameworks/Symbolication.framework/Versions/A/Symbolication
0x0000000015bb2000 	/System/Library/PrivateFrameworks/AppleFSCompression.framework/Versions/A/AppleFSCompression
0x0000000015bb2000 	/System/Library/PrivateFrameworks/SpeechRecognitionCore.framework/Versions/A/SpeechRecognitionCore
0x000000010f400000 	/Library/Java/JavaVirtualMachines/jdk1.8.0_162.jdk/Contents/Home/jre/lib/server/libjvm.dylib
0x0000000015bb2000 	/usr/lib/libstdc++.6.0.9.dylib
0x00000001103ae000 	/Library/Java/JavaVirtualMachines/jdk1.8.0_162.jdk/Contents/Home/jre/lib/libverify.dylib
0x00000001103bc000 	/Library/Java/JavaVirtualMachines/jdk1.8.0_162.jdk/Contents/Home/jre/lib/libjava.dylib
0x00000001103f2000 	/Library/Java/JavaVirtualMachines/jdk1.8.0_162.jdk/Contents/Home/jre/lib/libinstrument.dylib
0x000000011048e000 	/Library/Java/JavaVirtualMachines/jdk1.8.0_162.jdk/Contents/Home/jre/lib/libzip.dylib
0x00000001160f8000 	/Library/Java/JavaVirtualMachines/jdk1.8.0_162.jdk/Contents/Home/jre/lib/libnet.dylib
0x0000000116957000 	/Library/Java/JavaVirtualMachines/jdk1.8.0_162.jdk/Contents/Home/jre/lib/libmanagement.dylib
0x0000000116f65000 	/Library/Java/JavaVirtualMachines/jdk1.8.0_162.jdk/Contents/Home/jre/lib/libnio.dylib

VM Arguments:
jvm_args: -Dendpoints.shutdown.enabled=true -Denv=development -Dfull.stacktrace=false -Dgrails.env=development -Dgrails.full.stacktrace=false -Dinfo.app.grailsVersion=3.3.2 -Dinfo.app.name=GitDia1 -Dinfo.app.version=0.1 -Djdk.reflect.allowGetCallerClass=true -Drun.active=true -Dspring.output.ansi.enabled=always -Dspringloaded=inclusions=grails.plugins..*;synchronize=true;allowSplitPackages=true;cacheDir=/Users/mkopp/IdeaProjects/GitDia1ITAcademy/build/springloaded -Dverbose=false -XX:+TieredCompilation -XX:TieredStopAtLevel=1 -XX:CICompilerCount=3 -javaagent:/Users/mkopp/.gradle/caches/modules-2/files-2.1/org.springframework/springloaded/1.2.8.RELEASE/b60bac05b0451cdc1863bfec617f39aa0dcaaa43/springloaded-1.2.8.RELEASE.jar -Xverify:none -Xms768m -Xmx768m -Dfile.encoding=UTF-8 -Duser.country=US -Duser.language=en -Duser.variant 
java_command: gitdia1.Application
java_class_path (initial): /Users/mkopp/IdeaProjects/GitDia1ITAcademy/src/main/resources:/Users/mkopp/IdeaProjects/GitDia1ITAcademy/grails-app/views:/Users/mkopp/IdeaProjects/GitDia1ITAcademy/grails-app/i18n:/Users/mkopp/IdeaProjects/GitDia1ITAcademy/grails-app/conf:/Users/mkopp/IdeaProjects/GitDia1ITAcademy/build/classes/main:/Users/mkopp/IdeaProjects/GitDia1ITAcademy/build/resources/main:/Users/mkopp/IdeaProjects/GitDia1ITAcademy/gsp-classes:/Users/mkopp/.gradle/caches/modules-2/files-2.1/org.springframework.boot/spring-boot-starter-logging/1.5.8.RELEASE/ebc00a0e46753d90431fdcc5e3d6b9fd3bf1564a/spring-boot-starter-logging-1.5.8.RELEASE.jar:/Users/mkopp/.gradle/caches/modules-2/files-2.1/org.springframework.boot/spring-boot-autoconfigure/1.5.8.RELEASE/e4f2efa4c319f4e3613d94fbccfdb5ccda6873e3/spring-boot-autoconfigure-1.5.8.RELEASE.jar:/Users/mkopp/.gradle/caches/modules-2/files-2.1/org.grails/grails-core/3.3.2/824db64a3117fdc40b2a6bd4b5444e536453e51d/grails-core-3.3.2.jar:/Users/mkopp/.gradle/caches/modules-2/files-2.1/org.springframework.boot/spring-boot-starter-actuator/1.5.8.RELEASE/927c40a1af518dc240dfdf7aaf0a9673c3a127c5/spring-boot-starter-actuator-1.5.8.RELEASE.jar:/Users/mkopp/.gradle/caches/modules-2/files-2.1/org.springframework.boot/spring-boot-starter-tomcat/1.5.8.RELEASE/cf3b7eb7e192a60ab1dd09e4f8bce82710a5feb0/spring-boot-starter-tomcat-1.5.8.RELEASE.jar:/Users/mkopp/.gradle/caches/modules-2/files-2.1/org.grails/grails-web-boot/3.3.2/a0f4cc58704e6551121d0453968f7f834e529b4/grails-web-boot-3.3.2.jar:/Users/mkopp/.gradle/caches/modules-2/files-2.1/org.grails/grails-logging/3.3.2/4d1eb8335f81f9d0341688230c3d0f133b1e7cd4/grails-logging-3.3.2.jar:/Users/mkopp/.gradle/caches/modules-2/files-2.1/org.grails/grails-plugin-rest/3.3.2/d748b4fb52d140ecc3edcf8771a2135621993378/grails-plugin-rest-3.3.2.jar:/Users/mkopp/.gradle/caches/modules-2/files-2.1/org.grails/grails-plugin-databinding/3.3.2/8d7ee9adb4ac2666fd5aa9cdc87a9e5138459c45/grails-plugin-databinding-3
Launcher Type: SUN_STANDARD

Environment Variables:
PATH=/Users/mkopp/.sdkman/candidates/groovy/current/bin:/usr/local/bin:/usr/bin:/bin:/usr/sbin:/sbin
SHELL=/bin/bash

Signal Handlers:
SIGSEGV: [libjvm.dylib+0x5b52b5], sa_mask[0]=11111111011111110111111111111111, sa_flags=SA_ONSTACK|SA_RESTART|SA_SIGINFO
SIGBUS: [libjvm.dylib+0x5b52b5], sa_mask[0]=11111111011111110111111111111111, sa_flags=SA_RESTART|SA_SIGINFO
SIGFPE: [libjvm.dylib+0x48ac5c], sa_mask[0]=11111111011111110111111111111111, sa_flags=SA_RESTART|SA_SIGINFO
SIGPIPE: [libjvm.dylib+0x48ac5c], sa_mask[0]=11111111011111110111111111111111, sa_flags=SA_RESTART|SA_SIGINFO
SIGXFSZ: [libjvm.dylib+0x48ac5c], sa_mask[0]=11111111011111110111111111111111, sa_flags=SA_RESTART|SA_SIGINFO
SIGILL: [libjvm.dylib+0x48ac5c], sa_mask[0]=11111111011111110111111111111111, sa_flags=SA_RESTART|SA_SIGINFO
SIGUSR1: SIG_DFL, sa_mask[0]=00000000000000000000000000000000, sa_flags=none
SIGUSR2: [libjvm.dylib+0x48a77a], sa_mask[0]=00100000000000000000000000000000, sa_flags=SA_RESTART|SA_SIGINFO
SIGHUP: [libjvm.dylib+0x488d45], sa_mask[0]=11111111011111110111111111111111, sa_flags=SA_RESTART|SA_SIGINFO
SIGINT: [libjvm.dylib+0x488d45], sa_mask[0]=11111111011111110111111111111111, sa_flags=SA_RESTART|SA_SIGINFO
SIGTERM: [libjvm.dylib+0x488d45], sa_mask[0]=11111111011111110111111111111111, sa_flags=SA_RESTART|SA_SIGINFO
SIGQUIT: [libjvm.dylib+0x488d45], sa_mask[0]=11111111011111110111111111111111, sa_flags=SA_RESTART|SA_SIGINFO


---------------  S Y S T E M  ---------------

OS:Bsduname:Darwin 17.4.0 Darwin Kernel Version 17.4.0: Sun Dec 17 09:19:54 PST 2017; root:xnu-4570.41.2~1/RELEASE_X86_64 x86_64
rlimit: STACK 8192k, CORE 0k, NPROC 1418, NOFILE 10240, AS infinity
load average:2.23 3.24 3.50

CPU:total 4 (initial active 4) (2 cores per cpu, 2 threads per core) family 6 model 58 stepping 9, cmov, cx8, fxsr, mmx, sse, sse2, sse3, ssse3, sse4.1, sse4.2, popcnt, avx, aes, clmul, erms, ht, tsc, tscinvbit, tscinv

Memory: 4k page, physical 16777216k(3838484k free)

/proc/meminfo:


vm_info: Java HotSpot(TM) 64-Bit Server VM (25.162-b12) for bsd-amd64 JRE (1.8.0_162-b12), built on Dec 19 2017 17:33:35 by "java_re" with gcc 4.2.1 (Based on Apple Inc. build 5658) (LLVM build 2336.11.00)

time: Mon Mar  5 14:24:57 2018
elapsed time: 1061 seconds (0d 0h 17m 41s)

